<?xml version="1.0" encoding="UTF-8"?>
<!-- Generated by org.testng.reporters.JUnitReportReporter -->
<testsuite hostname="Govind" failures="0" tests="1" name="testNG.G" time="0.001" errors="0" timestamp="2023-05-26T14:32:30 IST" skipped="0">
  <testcase classname="testNG.G" name="logout" time="0.001"/>
  <system-out/>
</testsuite> <!-- testNG.G -->
