<?xml version="1.0" encoding="UTF-8"?>
<!-- Generated by org.testng.reporters.JUnitReportReporter -->
<testsuite hostname="Govind" failures="0" tests="1" name="testNG.SoftAssert" time="0.014" errors="0" timestamp="2023-05-29T14:32:04 IST" skipped="0">
  <testcase classname="testNG.SoftAssert" name="demo" time="0.014"/>
  <system-out/>
</testsuite> <!-- testNG.SoftAssert -->
