<?xml version="1.0" encoding="UTF-8"?>
<!-- Generated by org.testng.reporters.JUnitReportReporter -->
<testsuite hostname="Govind" failures="0" tests="1" name="testNG.A" time="0.010" errors="0" timestamp="2023-05-30T21:16:27 IST" skipped="0">
  <testcase classname="testNG.A" name="demo" time="0.010"/>
  <system-out/>
</testsuite> <!-- testNG.A -->
