<?xml version="1.0" encoding="UTF-8"?>
<!-- Generated by org.testng.reporters.JUnitReportReporter -->
<testsuite hostname="Govind" failures="0" tests="1" name="BasicTextScript.ToVerifyHomePage" time="20.324" errors="0" timestamp="2023-05-30T14:17:00 IST" skipped="0">
  <testcase classname="BasicTextScript.ToVerifyHomePage" name="verifyHOmePageTest" time="20.324"/>
  <system-out/>
</testsuite> <!-- BasicTextScript.ToVerifyHomePage -->
