<?xml version="1.0" encoding="UTF-8"?>
<!-- Generated by org.testng.reporters.JUnitReportReporter -->
<testsuite hostname="Govind" failures="0" tests="1" name="testNG.toVerifysecondPage" time="0.002" errors="0" timestamp="2023-05-30T13:45:37 IST" skipped="0">
  <testcase classname="testNG.toVerifysecondPage" name="demo" time="0.002"/>
  <system-out/>
</testsuite> <!-- testNG.toVerifysecondPage -->
