<?xml version="1.0" encoding="UTF-8"?>
<!-- Generated by org.testng.reporters.JUnitReportReporter -->
<testsuite hostname="Govind" failures="0" tests="2" name="testNG.toVerifyHomePage" time="0.008" errors="0" timestamp="2023-05-30T13:45:37 IST" skipped="0">
  <testcase classname="testNG.toVerifyHomePage" name="demo" time="0.007"/>
  <system-out/>
  <testcase classname="testNG.toVerifyHomePage" name="demo1" time="0.001"/>
  <system-out/>
</testsuite> <!-- testNG.toVerifyHomePage -->
