<?xml version="1.0" encoding="UTF-8"?>
<!-- Generated by org.testng.reporters.JUnitReportReporter -->
<testsuite hostname="Govind" failures="0" tests="2" name="testNG.F" time="0.012" errors="0" timestamp="2023-05-26T14:32:30 IST" skipped="0">
  <testcase classname="testNG.F" name="signUp" time="0.009"/>
  <system-out/>
  <testcase classname="testNG.F" name="signIn" time="0.003"/>
  <system-out/>
</testsuite> <!-- testNG.F -->
