<?xml version="1.0" encoding="UTF-8"?>
<!-- Generated by org.testng.reporters.JUnitReportReporter -->
<testsuite hostname="Govind" failures="0" tests="1" name="testNG.ToVerifyGoogle" time="6.937" errors="0" timestamp="2023-05-29T13:27:11 IST" skipped="0">
  <testcase classname="testNG.ToVerifyGoogle" name="toVerifyGoodl" time="6.937"/>
  <system-out/>
</testsuite> <!-- testNG.ToVerifyGoogle -->
